d:\detaictdl\de tai ctdl\debug\vc142.pdb
d:\detaictdl\de tai ctdl\debug\vc142.idb
d:\detaictdl\de tai ctdl\debug\window.obj
d:\detaictdl\de tai ctdl\debug\source.obj
d:\detaictdl\de tai ctdl\debug\inputbox.obj
d:\detaictdl\de tai ctdl\debug\form.obj
d:\detaictdl\de tai ctdl\debug\eventmouseorkey.obj
d:\detaictdl\de tai ctdl\debug\eventcontroller.obj
d:\detaictdl\de tai ctdl\debug\dbset.obj
d:\detaictdl\de tai ctdl\debug\console.obj
d:\detaictdl\de tai ctdl\debug\comparedata.obj
d:\detaictdl\debug\detaictdl.exe
d:\detaictdl\debug\detaictdl.ilk
d:\detaictdl\debug\detaictdl.pdb
d:\detaictdl\de tai ctdl\debug\vc140.idb
d:\detaictdl\de tai ctdl\debug\vc141.idb
d:\detaictdl\de tai ctdl\debug\vc140.pdb
d:\detaictdl\de tai ctdl\debug\vc141.pdb
d:\detaictdl\de tai ctdl\debug\detaictdl.tlog\cl.command.1.tlog
d:\detaictdl\de tai ctdl\debug\detaictdl.tlog\cl.read.1.tlog
d:\detaictdl\de tai ctdl\debug\detaictdl.tlog\cl.write.1.tlog
d:\detaictdl\de tai ctdl\debug\detaictdl.tlog\link.command.1.tlog
d:\detaictdl\de tai ctdl\debug\detaictdl.tlog\link.read.1.tlog
d:\detaictdl\de tai ctdl\debug\detaictdl.tlog\link.write.1.tlog
