d:\de tai ctdl\project2\debug\vc142.pdb
d:\de tai ctdl\project2\debug\vc142.idb
d:\de tai ctdl\project2\debug\source.obj
d:\de tai ctdl\debug\project2.ilk
d:\de tai ctdl\debug\project2.exe
d:\de tai ctdl\debug\project2.pdb
d:\detaictdl\project2\debug\source.obj
d:\detaictdl\project2\debug\vc141.idb
d:\detaictdl\project2\debug\vc142.idb
d:\detaictdl\project2\debug\vc141.pdb
d:\detaictdl\project2\debug\vc142.pdb
d:\detaictdl\debug\project2.pdb
d:\detaictdl\debug\project2.exe
d:\detaictdl\debug\project2.ilk
d:\detaictdl\project2\debug\project2.tlog\cl.command.1.tlog
d:\detaictdl\project2\debug\project2.tlog\cl.read.1.tlog
d:\detaictdl\project2\debug\project2.tlog\cl.write.1.tlog
d:\detaictdl\project2\debug\project2.tlog\link.command.1.tlog
d:\detaictdl\project2\debug\project2.tlog\link.read.1.tlog
d:\detaictdl\project2\debug\project2.tlog\link.write.1.tlog
