d:\detaictdl\de tai ctdl\x64\debug\vc142.pdb
d:\detaictdl\de tai ctdl\x64\debug\vc142.idb
d:\detaictdl\de tai ctdl\x64\debug\window.obj
d:\detaictdl\de tai ctdl\x64\debug\source.obj
d:\detaictdl\de tai ctdl\x64\debug\inputbox.obj
d:\detaictdl\de tai ctdl\x64\debug\form.obj
d:\detaictdl\de tai ctdl\x64\debug\eventmouseorkey.obj
d:\detaictdl\de tai ctdl\x64\debug\eventcontroller.obj
d:\detaictdl\de tai ctdl\x64\debug\dbset.obj
d:\detaictdl\de tai ctdl\x64\debug\console.obj
d:\detaictdl\de tai ctdl\x64\debug\comparedata.obj
d:\detaictdl\x64\debug\detaictdl.ilk
d:\detaictdl\x64\debug\detaictdl.exe
d:\detaictdl\x64\debug\detaictdl.pdb
d:\detaictdl\de tai ctdl\x64\debug\detaictdl.tlog\cl.command.1.tlog
d:\detaictdl\de tai ctdl\x64\debug\detaictdl.tlog\cl.read.1.tlog
d:\detaictdl\de tai ctdl\x64\debug\detaictdl.tlog\cl.write.1.tlog
d:\detaictdl\de tai ctdl\x64\debug\detaictdl.tlog\link.command.1.tlog
d:\detaictdl\de tai ctdl\x64\debug\detaictdl.tlog\link.read.1.tlog
d:\detaictdl\de tai ctdl\x64\debug\detaictdl.tlog\link.write.1.tlog
